2020-12-31 10:52:49.218  INFO 7276 --- [main] .s.d.r.c.RepositoryConfigurationDelegate : Bootstrapping Spring Data repositories in DEFAULT mode.
2020-12-31 10:52:50.011  INFO 7276 --- [main] .s.d.r.c.RepositoryConfigurationDelegate : Finished Spring Data repository scanning in 326ms. Found 5 repository interfaces.
2020-12-31 10:52:51.394  INFO 7276 --- [main] trationDelegate$BeanPostProcessorChecker : Bean 'org.springframework.transaction.annotation.ProxyTransactionManagementConfiguration' of type [org.springframework.transaction.annotation.ProxyTransactionManagementConfiguration] is not eligible for getting processed by all BeanPostProcessors (for example: not eligible for auto-proxying)
2020-12-31 10:52:51.827  INFO 7276 --- [main] trationDelegate$BeanPostProcessorChecker : Bean 'org.springframework.security.config.annotation.configuration.ObjectPostProcessorConfiguration' of type [org.springframework.security.config.annotation.configuration.ObjectPostProcessorConfiguration] is not eligible for getting processed by all BeanPostProcessors (for example: not eligible for auto-proxying)
2020-12-31 10:52:51.838  INFO 7276 --- [main] trationDelegate$BeanPostProcessorChecker : Bean 'objectPostProcessor' of type [org.springframework.security.config.annotation.configuration.AutowireBeanFactoryObjectPostProcessor] is not eligible for getting processed by all BeanPostProcessors (for example: not eligible for auto-proxying)
2020-12-31 10:52:51.847  INFO 7276 --- [main] trationDelegate$BeanPostProcessorChecker : Bean 'org.springframework.security.access.expression.method.DefaultMethodSecurityExpressionHandler@4c4f4365' of type [org.springframework.security.access.expression.method.DefaultMethodSecurityExpressionHandler] is not eligible for getting processed by all BeanPostProcessors (for example: not eligible for auto-proxying)
2020-12-31 10:52:51.852  INFO 7276 --- [main] trationDelegate$BeanPostProcessorChecker : Bean 'org.springframework.security.config.annotation.method.configuration.GlobalMethodSecurityConfiguration' of type [org.springframework.security.config.annotation.method.configuration.GlobalMethodSecurityConfiguration] is not eligible for getting processed by all BeanPostProcessors (for example: not eligible for auto-proxying)
2020-12-31 10:52:51.887  INFO 7276 --- [main] trationDelegate$BeanPostProcessorChecker : Bean 'methodSecurityMetadataSource' of type [org.springframework.security.access.method.DelegatingMethodSecurityMetadataSource] is not eligible for getting processed by all BeanPostProcessors (for example: not eligible for auto-proxying)
2020-12-31 10:52:53.769  INFO 7276 --- [main] o.s.b.w.embedded.tomcat.TomcatWebServer  : Tomcat initialized with port(s): 8080 (http)
2020-12-31 10:52:53.806  INFO 7276 --- [main] o.apache.catalina.core.StandardService   : Starting service [Tomcat]
2020-12-31 10:52:53.807  INFO 7276 --- [main] org.apache.catalina.core.StandardEngine  : Starting Servlet engine: [Apache Tomcat/9.0.27]
2020-12-31 10:52:54.129  INFO 7276 --- [main] o.a.c.c.C.[Tomcat].[localhost].[/]       : Initializing Spring embedded WebApplicationContext
2020-12-31 10:52:54.129  INFO 7276 --- [main] o.s.web.context.ContextLoader            : Root WebApplicationContext: initialization completed in 8157 ms
2020-12-31 10:52:54.570  INFO 7276 --- [main] c.a.d.s.b.a.DruidDataSourceAutoConfigure : Init DruidDataSource
2020-12-31 10:52:56.570  INFO 7276 --- [main] com.alibaba.druid.pool.DruidDataSource   : {dataSource-1} inited
2020-12-31 10:52:57.115  INFO 7276 --- [main] o.hibernate.jpa.internal.util.LogHelper  : HHH000204: Processing PersistenceUnitInfo [name: default]
2020-12-31 10:52:57.385  INFO 7276 --- [main] org.hibernate.Version                    : HHH000412: Hibernate Core {5.4.8.Final}
2020-12-31 10:52:57.983  INFO 7276 --- [main] o.hibernate.annotations.common.Version   : HCANN000001: Hibernate Commons Annotations {5.1.0.Final}
2020-12-31 10:52:58.706  INFO 7276 --- [main] org.hibernate.dialect.Dialect            : HHH000400: Using dialect: org.hibernate.dialect.MySQL57Dialect
2020-12-31 10:52:59.315  WARN 7276 --- [main] org.hibernate.id.UUIDHexGenerator        : HHH000409: Using org.hibernate.id.UUIDHexGenerator which does not generate IETF RFC 4122 compliant UUID values; consider using org.hibernate.id.UUIDGenerator instead
2020-12-31 10:53:00.482  INFO 7276 --- [main] o.h.e.t.j.p.i.JtaPlatformInitiator       : HHH000490: Using JtaPlatform implementation: [org.hibernate.engine.transaction.jta.platform.internal.NoJtaPlatform]
2020-12-31 10:53:00.495  INFO 7276 --- [main] j.LocalContainerEntityManagerFactoryBean : Initialized JPA EntityManagerFactory for persistence unit 'default'
2020-12-31 10:53:01.999  WARN 7276 --- [main] JpaBaseConfiguration$JpaWebConfiguration : spring.jpa.open-in-view is enabled by default. Therefore, database queries may be performed during view rendering. Explicitly configure spring.jpa.open-in-view to disable this warning
2020-12-31 10:53:02.423  INFO 7276 --- [main] o.s.s.concurrent.ThreadPoolTaskExecutor  : Initializing ExecutorService 'applicationTaskExecutor'
2020-12-31 10:53:02.716  INFO 7276 --- [main] o.s.b.a.w.s.WelcomePageHandlerMapping    : Adding welcome page template: index
2020-12-31 10:53:03.674  INFO 7276 --- [main] o.s.s.web.DefaultSecurityFilterChain     : Creating filter chain: any request, [org.springframework.security.web.context.request.async.WebAsyncManagerIntegrationFilter@13d10057, org.springframework.security.web.context.SecurityContextPersistenceFilter@688d2a5d, org.springframework.security.web.header.HeaderWriterFilter@76eadc5a, org.springframework.security.web.authentication.logout.LogoutFilter@7a34c1f6, org.springframework.security.web.authentication.UsernamePasswordAuthenticationFilter@3c910acd, org.springframework.security.web.session.ConcurrentSessionFilter@72237be8, org.springframework.security.web.savedrequest.RequestCacheAwareFilter@2820b369, org.springframework.security.web.servletapi.SecurityContextHolderAwareRequestFilter@540212be, org.springframework.security.web.authentication.rememberme.RememberMeAuthenticationFilter@4e26987b, org.springframework.security.web.authentication.AnonymousAuthenticationFilter@66944c7c, org.springframework.security.web.session.SessionManagementFilter@20914835, org.springframework.security.web.access.ExceptionTranslationFilter@26a9c6df, org.springframework.security.web.access.intercept.FilterSecurityInterceptor@73a5d86c]
2020-12-31 10:53:03.847  INFO 7276 --- [main] o.s.b.w.embedded.tomcat.TomcatWebServer  : Tomcat started on port(s): 8080 (http) with context path ''
2020-12-31 10:53:05.662  INFO 7276 --- [http-nio-8080-exec-1] o.a.c.c.C.[Tomcat].[localhost].[/]       : Initializing Spring DispatcherServlet 'dispatcherServlet'
2020-12-31 10:53:05.662  INFO 7276 --- [http-nio-8080-exec-1] o.s.web.servlet.DispatcherServlet        : Initializing Servlet 'dispatcherServlet'
2020-12-31 10:53:05.672  INFO 7276 --- [http-nio-8080-exec-1] o.s.web.servlet.DispatcherServlet        : Completed initialization in 10 ms
2020-12-31 11:08:02.116  INFO 372 --- [main] .s.d.r.c.RepositoryConfigurationDelegate : Bootstrapping Spring Data repositories in DEFAULT mode.
2020-12-31 11:08:02.241  INFO 372 --- [main] .s.d.r.c.RepositoryConfigurationDelegate : Finished Spring Data repository scanning in 108ms. Found 5 repository interfaces.
2020-12-31 11:08:02.726  INFO 372 --- [main] trationDelegate$BeanPostProcessorChecker : Bean 'org.springframework.transaction.annotation.ProxyTransactionManagementConfiguration' of type [org.springframework.transaction.annotation.ProxyTransactionManagementConfiguration] is not eligible for getting processed by all BeanPostProcessors (for example: not eligible for auto-proxying)
2020-12-31 11:08:02.913  INFO 372 --- [main] trationDelegate$BeanPostProcessorChecker : Bean 'org.springframework.security.config.annotation.configuration.ObjectPostProcessorConfiguration' of type [org.springframework.security.config.annotation.configuration.ObjectPostProcessorConfiguration] is not eligible for getting processed by all BeanPostProcessors (for example: not eligible for auto-proxying)
2020-12-31 11:08:02.913  INFO 372 --- [main] trationDelegate$BeanPostProcessorChecker : Bean 'objectPostProcessor' of type [org.springframework.security.config.annotation.configuration.AutowireBeanFactoryObjectPostProcessor] is not eligible for getting processed by all BeanPostProcessors (for example: not eligible for auto-proxying)
2020-12-31 11:08:02.913  INFO 372 --- [main] trationDelegate$BeanPostProcessorChecker : Bean 'org.springframework.security.access.expression.method.DefaultMethodSecurityExpressionHandler@5136207f' of type [org.springframework.security.access.expression.method.DefaultMethodSecurityExpressionHandler] is not eligible for getting processed by all BeanPostProcessors (for example: not eligible for auto-proxying)
2020-12-31 11:08:02.913  INFO 372 --- [main] trationDelegate$BeanPostProcessorChecker : Bean 'org.springframework.security.config.annotation.method.configuration.GlobalMethodSecurityConfiguration' of type [org.springframework.security.config.annotation.method.configuration.GlobalMethodSecurityConfiguration] is not eligible for getting processed by all BeanPostProcessors (for example: not eligible for auto-proxying)
2020-12-31 11:08:02.929  INFO 372 --- [main] trationDelegate$BeanPostProcessorChecker : Bean 'methodSecurityMetadataSource' of type [org.springframework.security.access.method.DelegatingMethodSecurityMetadataSource] is not eligible for getting processed by all BeanPostProcessors (for example: not eligible for auto-proxying)
2020-12-31 11:08:03.882  INFO 372 --- [main] o.s.b.w.embedded.tomcat.TomcatWebServer  : Tomcat initialized with port(s): 8080 (http)
2020-12-31 11:08:03.897  INFO 372 --- [main] o.apache.catalina.core.StandardService   : Starting service [Tomcat]
2020-12-31 11:08:03.897  INFO 372 --- [main] org.apache.catalina.core.StandardEngine  : Starting Servlet engine: [Apache Tomcat/9.0.27]
2020-12-31 11:08:04.038  INFO 372 --- [main] o.a.c.c.C.[Tomcat].[localhost].[/]       : Initializing Spring embedded WebApplicationContext
2020-12-31 11:08:04.038  INFO 372 --- [main] o.s.web.context.ContextLoader            : Root WebApplicationContext: initialization completed in 3791 ms
2020-12-31 11:08:04.204  INFO 372 --- [main] c.a.d.s.b.a.DruidDataSourceAutoConfigure : Init DruidDataSource
2020-12-31 11:08:05.220  INFO 372 --- [main] com.alibaba.druid.pool.DruidDataSource   : {dataSource-1} inited
2020-12-31 11:08:05.391  INFO 372 --- [main] o.hibernate.jpa.internal.util.LogHelper  : HHH000204: Processing PersistenceUnitInfo [name: default]
2020-12-31 11:08:05.501  INFO 372 --- [main] org.hibernate.Version                    : HHH000412: Hibernate Core {5.4.8.Final}
2020-12-31 11:08:05.688  INFO 372 --- [main] o.hibernate.annotations.common.Version   : HCANN000001: Hibernate Commons Annotations {5.1.0.Final}
2020-12-31 11:08:05.938  INFO 372 --- [main] org.hibernate.dialect.Dialect            : HHH000400: Using dialect: org.hibernate.dialect.MySQL57Dialect
2020-12-31 11:08:06.270  WARN 372 --- [main] org.hibernate.id.UUIDHexGenerator        : HHH000409: Using org.hibernate.id.UUIDHexGenerator which does not generate IETF RFC 4122 compliant UUID values; consider using org.hibernate.id.UUIDGenerator instead
2020-12-31 11:08:07.114  INFO 372 --- [main] o.h.e.t.j.p.i.JtaPlatformInitiator       : HHH000490: Using JtaPlatform implementation: [org.hibernate.engine.transaction.jta.platform.internal.NoJtaPlatform]
2020-12-31 11:08:07.121  INFO 372 --- [main] j.LocalContainerEntityManagerFactoryBean : Initialized JPA EntityManagerFactory for persistence unit 'default'
2020-12-31 11:08:08.056  WARN 372 --- [main] JpaBaseConfiguration$JpaWebConfiguration : spring.jpa.open-in-view is enabled by default. Therefore, database queries may be performed during view rendering. Explicitly configure spring.jpa.open-in-view to disable this warning
2020-12-31 11:08:08.306  INFO 372 --- [main] o.s.s.concurrent.ThreadPoolTaskExecutor  : Initializing ExecutorService 'applicationTaskExecutor'
2020-12-31 11:08:08.431  INFO 372 --- [main] o.s.b.a.w.s.WelcomePageHandlerMapping    : Adding welcome page template: index
2020-12-31 11:08:08.947  INFO 372 --- [main] o.s.s.web.DefaultSecurityFilterChain     : Creating filter chain: any request, [org.springframework.security.web.context.request.async.WebAsyncManagerIntegrationFilter@2820b369, org.springframework.security.web.context.SecurityContextPersistenceFilter@1939a394, org.springframework.security.web.header.HeaderWriterFilter@1a4cbcc6, org.springframework.security.web.authentication.logout.LogoutFilter@1b5af65b, org.springframework.security.web.authentication.UsernamePasswordAuthenticationFilter@5c5f12e, org.springframework.security.web.session.ConcurrentSessionFilter@6d7e2795, org.springframework.security.web.savedrequest.RequestCacheAwareFilter@35cbeb54, org.springframework.security.web.servletapi.SecurityContextHolderAwareRequestFilter@59a2bed1, org.springframework.security.web.authentication.rememberme.RememberMeAuthenticationFilter@4805069b, org.springframework.security.web.authentication.AnonymousAuthenticationFilter@46b21632, org.springframework.security.web.session.SessionManagementFilter@56402642, org.springframework.security.web.access.ExceptionTranslationFilter@45d46254, org.springframework.security.web.access.intercept.FilterSecurityInterceptor@1dd76982]
2020-12-31 11:08:09.077  INFO 372 --- [main] o.s.b.w.embedded.tomcat.TomcatWebServer  : Tomcat started on port(s): 8080 (http) with context path ''
2020-12-31 11:10:03.081  INFO 372 --- [http-nio-8080-exec-1] o.a.c.c.C.[Tomcat].[localhost].[/]       : Initializing Spring DispatcherServlet 'dispatcherServlet'
2020-12-31 11:10:03.082  INFO 372 --- [http-nio-8080-exec-1] o.s.web.servlet.DispatcherServlet        : Initializing Servlet 'dispatcherServlet'
2020-12-31 11:10:03.099  INFO 372 --- [http-nio-8080-exec-1] o.s.web.servlet.DispatcherServlet        : Completed initialization in 17 ms
